<?xml version="1.0" encoding="UTF-8"?>
<!-- Generated by org.testng.reporters.JUnitReportReporter -->
<testsuite hostname="DESKTOP-HK8IP1E" failures="0" tests="1" name="test.TestNG_Demo2" time="5.620" errors="0" timestamp="2024-07-24T00:22:28 IST" skipped="0">
  <testcase classname="test.TestNG_Demo2" name="googleSearch3" time="5.620"/>
</testsuite> <!-- test.TestNG_Demo2 -->
