<?xml version="1.0" encoding="UTF-8"?>
<!-- Generated by org.testng.reporters.JUnitReportReporter -->
<testsuite hostname="DESKTOP-HK8IP1E" failures="0" tests="3" name="listeners.TestNGListenerDemo2" time="0.048" errors="0" timestamp="2024-07-26T01:44:28 IST" skipped="1">
  <testcase classname="listeners.TestNGListenerDemo2" name="test4" time="0.023"/>
  <testcase classname="listeners.TestNGListenerDemo2" name="test6" time="0.008">
    <skipped/>
  </testcase> <!-- test6 -->
  <testcase classname="listeners.TestNGListenerDemo2" name="test5" time="0.017"/>
</testsuite> <!-- listeners.TestNGListenerDemo2 -->
