<?xml version="1.0" encoding="UTF-8"?>
<!-- Generated by org.testng.reporters.JUnitReportReporter -->
<testsuite hostname="DESKTOP-HK8IP1E" failures="0" tests="1" name="test.TestNG_Demo" time="6.133" errors="0" timestamp="2024-07-24T00:22:28 IST" skipped="0">
  <testcase classname="test.TestNG_Demo" name="googleSearch" time="6.133"/>
</testsuite> <!-- test.TestNG_Demo -->
