<?xml version="1.0" encoding="UTF-8"?>
<!-- Generated by org.testng.reporters.JUnitReportReporter -->
<testsuite hostname="DESKTOP-HK8IP1E" failures="0" tests="2" name="testNGPriorityMulBrowsernGrouping.TestNGGroups" time="0.026" errors="0" timestamp="2024-07-26T18:34:50 IST" skipped="0">
  <testcase classname="testNGPriorityMulBrowsernGrouping.TestNGGroups" name="test1" time="0.022"/>
  <testcase classname="testNGPriorityMulBrowsernGrouping.TestNGGroups" name="test2" time="0.004"/>
</testsuite> <!-- testNGPriorityMulBrowsernGrouping.TestNGGroups -->
