<?xml version="1.0" encoding="UTF-8"?>
<!-- Generated by org.testng.reporters.JUnitReportReporter -->
<testsuite hostname="DESKTOP-HK8IP1E" failures="0" tests="2" name="testNGPriorityMulBrowsernGrouping.TestNGIgnoreDemo" time="0.020" errors="0" timestamp="2024-07-26T23:51:30 IST" skipped="1">
  <testcase classname="testNGPriorityMulBrowsernGrouping.TestNGIgnoreDemo" name="test2" time="0.020"/>
  <testcase classname="testNGPriorityMulBrowsernGrouping.TestNGIgnoreDemo" name="test1">
    <skipped/>
  </testcase> <!-- test1 -->
</testsuite> <!-- testNGPriorityMulBrowsernGrouping.TestNGIgnoreDemo -->
