<?xml version="1.0" encoding="UTF-8"?>
<!-- Generated by org.testng.reporters.JUnitReportReporter -->
<testsuite hostname="DESKTOP-HK8IP1E" failures="0" tests="3" name="testNGPriority.TestNGPriorityDemo" time="0.038" errors="0" timestamp="2024-07-26T17:49:15 IST" skipped="0">
  <testcase classname="testNGPriority.TestNGPriorityDemo" name="one" time="0.030"/>
  <testcase classname="testNGPriority.TestNGPriorityDemo" name="two" time="0.004"/>
  <testcase classname="testNGPriority.TestNGPriorityDemo" name="three" time="0.004"/>
</testsuite> <!-- testNGPriority.TestNGPriorityDemo -->
