<?xml version="1.0" encoding="UTF-8"?>
<!-- Generated by org.testng.reporters.JUnitReportReporter -->
<testsuite hostname="DESKTOP-HK8IP1E" failures="0" tests="1" name="test.TestNG_DemoforPropertiesFile" time="2.318" errors="0" timestamp="2024-07-24T23:43:12 IST" skipped="0">
  <testcase classname="test.TestNG_DemoforPropertiesFile" name="googleSearch" time="2.318"/>
</testsuite> <!-- test.TestNG_DemoforPropertiesFile -->
