<?xml version="1.0" encoding="UTF-8"?>
<!-- Generated by org.testng.reporters.JUnitReportReporter -->
<testsuite hostname="DESKTOP-HK8IP1E" failures="0" tests="1" name="testNGPriorityMulBrowsernGrouping.TestNGParametersDemo" time="0.019" errors="0" timestamp="2024-07-26T18:53:27 IST" skipped="0">
  <testcase classname="testNGPriorityMulBrowsernGrouping.TestNGParametersDemo" name="test" time="0.019"/>
</testsuite> <!-- testNGPriorityMulBrowsernGrouping.TestNGParametersDemo -->
