<?xml version="1.0" encoding="UTF-8"?>
<!-- Generated by org.testng.reporters.JUnitReportReporter -->
<testsuite hostname="DESKTOP-HK8IP1E" failures="0" tests="2" name="test.ExtentReportsWithTestNG" time="0.041" errors="0" timestamp="2024-07-24T04:15:15 IST" skipped="0">
  <testcase classname="test.ExtentReportsWithTestNG" name="test2" time="0.005"/>
  <testcase classname="test.ExtentReportsWithTestNG" name="test1" time="0.036"/>
</testsuite> <!-- test.ExtentReportsWithTestNG -->
