<?xml version="1.0" encoding="UTF-8"?>
<!-- Generated by org.testng.reporters.JUnitReportReporter -->
<testsuite hostname="DESKTOP-HK8IP1E" failures="0" tests="1" name="testNGPriorityMulBrowsernGrouping.TestCase1" time="16.877" errors="0" timestamp="2024-07-27T19:23:08 IST" skipped="0">
  <testcase classname="testNGPriorityMulBrowsernGrouping.TestCase1" name="testCase1" time="16.877"/>
</testsuite> <!-- testNGPriorityMulBrowsernGrouping.TestCase1 -->
