<?xml version="1.0" encoding="UTF-8"?>
<!-- Generated by org.testng.reporters.JUnitReportReporter -->
<testsuite hostname="DESKTOP-HK8IP1E" failures="0" tests="3" name="testNGPriorityMulBrowsernGrouping.TestNGDependencyDemo" time="0.038" errors="0" timestamp="2024-07-26T23:42:13 IST" skipped="0">
  <testcase classname="testNGPriorityMulBrowsernGrouping.TestNGDependencyDemo" name="test3" time="0.008"/>
  <testcase classname="testNGPriorityMulBrowsernGrouping.TestNGDependencyDemo" name="test1" time="0.003"/>
  <testcase classname="testNGPriorityMulBrowsernGrouping.TestNGDependencyDemo" name="test2" time="0.027"/>
</testsuite> <!-- testNGPriorityMulBrowsernGrouping.TestNGDependencyDemo -->
